#
# There is insufficient memory for the Java Runtime Environment to continue.
# Native memory allocation (malloc) failed to allocate 1048576 bytes for AllocateHeap
# Possible reasons:
#   The system is out of physical RAM or swap space
#   In 32 bit mode, the process size limit was hit
# Possible solutions:
#   Reduce memory load on the system
#   Increase physical memory or swap space
#   Check if swap backing store is full
#   Use 64 bit Java on a 64 bit OS
#   Decrease Java heap size (-Xmx/-Xms)
#   Decrease number of Java threads
#   Decrease Java thread stack sizes (-Xss)
#   Set larger code cache with -XX:ReservedCodeCacheSize=
# This output file may be truncated or incomplete.
#
#  Out of Memory Error (memory/allocation.inline.hpp:61), pid=10572, tid=0x0000000000007190
#
# JRE version:  (8.0_181-b13) (build )
# Java VM: Java HotSpot(TM) 64-Bit Server VM (25.181-b13 mixed mode windows-amd64 compressed oops)
# Failed to write core dump. Minidumps are not enabled by default on client versions of Windows
#

---------------  T H R E A D  ---------------

Current thread (0x00000000025a5800):  JavaThread "Unknown thread" [_thread_in_vm, id=29072, stack(0x00000000024a0000,0x00000000025a0000)]

Stack: [0x00000000024a0000,0x00000000025a0000]
[error occurred during error reporting (printing stack bounds), id 0xc0000005]

Native frames: (J=compiled Java code, j=interpreted, Vv=VM code, C=native code)


---------------  P R O C E S S  ---------------

Java Threads: ( => current thread )

Other Threads:

=>0x00000000025a5800 (exited) JavaThread "Unknown thread" [_thread_in_vm, id=29072, stack(0x00000000024a0000,0x00000000025a0000)]

VM state:not at safepoint (normal execution)

VM Mutex/Monitor currently owned by a thread: None

Heap:
 PSYoungGen      total 38400K, used 665K [0x00000000d5f00000, 0x00000000d8980000, 0x0000000100000000)
  eden space 33280K, 2% used [0x00000000d5f00000,0x00000000d5fa6670,0x00000000d7f80000)
  from space 5120K, 0% used [0x00000000d8480000,0x00000000d8480000,0x00000000d8980000)
  to   space 5120K, 0% used [0x00000000d7f80000,0x00000000d7f80000,0x00000000d8480000)
 ParOldGen       total 87552K, used 0K [0x0000000081c00000, 0x0000000087180000, 0x00000000d5f00000)
  object space 87552K, 0% used [0x0000000081c00000,0x0000000081c00000,0x0000000087180000)
 Metaspace       used 775K, capacity 4480K, committed 4480K, reserved 1056768K
  class space    used 76K, capacity 384K, committed 384K, reserved 1048576K

Card table byte_map: [0x0000000011a60000,0x0000000011e60000] byte_map_base: 0x0000000011652000

Marking Bits: (ParMarkBitMap*) 0x0000000060ba2d00
 Begin Bits: [0x0000000012910000, 0x00000000148a0000)
 End Bits:   [0x00000000148a0000, 0x0000000016830000)

Polling page: 0x0000000000ab0000

CodeCache: size=245760Kb used=328Kb max_used=328Kb free=245431Kb
 bounds [0x00000000026a0000, 0x0000000002910000, 0x00000000116a0000]
 total_blobs=58 nmethods=0 adapters=38
 compilation: enabled

Compilation events (0 events):
No events

GC Heap History (0 events):
No events

Deoptimization events (0 events):
No events

Classes redefined (0 events):
No events

Internal exceptions (0 events):
No events

Events (10 events):
Event: 0.046 loading class java/lang/Short
Event: 0.046 loading class java/lang/Short done
Event: 0.046 loading class java/lang/Integer
Event: 0.047 loading class java/lang/Integer done
Event: 0.047 loading class java/lang/Long
Event: 0.047 loading class java/lang/Long done
Event: 0.048 loading class java/lang/NullPointerException
Event: 0.048 loading class java/lang/NullPointerException done
Event: 0.048 loading class java/lang/ArithmeticException
Event: 0.048 loading class java/lang/ArithmeticException done


Dynamic libraries:
0x00007ff68b2c0000 - 0x00007ff68b2f7000 	C:\Program Files\Java\jdk1.8.0_181\bin\javaw.exe
0x00007ffd89380000 - 0x00007ffd89570000 	C:\WINDOWS\SYSTEM32\ntdll.dll
0x00007ffd88b20000 - 0x00007ffd88bd2000 	C:\WINDOWS\System32\KERNEL32.DLL
0x00007ffd86d90000 - 0x00007ffd87034000 	C:\WINDOWS\System32\KERNELBASE.dll
0x00007ffd88d90000 - 0x00007ffd88e33000 	C:\WINDOWS\System32\ADVAPI32.dll
0x00007ffd87870000 - 0x00007ffd8790e000 	C:\WINDOWS\System32\msvcrt.dll
0x00007ffd875a0000 - 0x00007ffd87637000 	C:\WINDOWS\System32\sechost.dll
0x00007ffd88470000 - 0x00007ffd88590000 	C:\WINDOWS\System32\RPCRT4.dll
0x00007ffd87ac0000 - 0x00007ffd87c55000 	C:\WINDOWS\System32\USER32.dll
0x00007ffd86d60000 - 0x00007ffd86d81000 	C:\WINDOWS\System32\win32u.dll
0x00007ffd87640000 - 0x00007ffd87666000 	C:\WINDOWS\System32\GDI32.dll
0x00007ffd87040000 - 0x00007ffd871d6000 	C:\WINDOWS\System32\gdi32full.dll
0x00007ffd87360000 - 0x00007ffd873fe000 	C:\WINDOWS\System32\msvcp_win.dll
0x00007ffd871e0000 - 0x00007ffd872da000 	C:\WINDOWS\System32\ucrtbase.dll
0x00007ffd6e8e0000 - 0x00007ffd6eb64000 	C:\WINDOWS\WinSxS\amd64_microsoft.windows.common-controls_6595b64144ccf1df_6.0.18362.1016_none_9e7a36bbe461dae4\COMCTL32.dll
0x00007ffd88760000 - 0x00007ffd88a95000 	C:\WINDOWS\System32\combase.dll
0x00007ffd872e0000 - 0x00007ffd87360000 	C:\WINDOWS\System32\bcryptPrimitives.dll
0x00007ffd88730000 - 0x00007ffd8875e000 	C:\WINDOWS\System32\IMM32.DLL
0x0000000060d30000 - 0x0000000060e02000 	C:\Program Files\Java\jdk1.8.0_181\jre\bin\msvcr100.dll
0x0000000060380000 - 0x0000000060c22000 	C:\Program Files\Java\jdk1.8.0_181\jre\bin\server\jvm.dll
0x00007ffd892b0000 - 0x00007ffd892b8000 	C:\WINDOWS\System32\PSAPI.DLL
0x00007ffd7d980000 - 0x00007ffd7d98a000 	C:\WINDOWS\SYSTEM32\VERSION.dll
0x00007ffd83990000 - 0x00007ffd839b4000 	C:\WINDOWS\SYSTEM32\WINMM.dll
0x00007ffd6dbd0000 - 0x00007ffd6dbd9000 	C:\WINDOWS\SYSTEM32\WSOCK32.dll
0x00007ffd879c0000 - 0x00007ffd87a2f000 	C:\WINDOWS\System32\WS2_32.dll
0x00007ffd83960000 - 0x00007ffd8398d000 	C:\WINDOWS\SYSTEM32\WINMMBASE.dll
0x00007ffd86d10000 - 0x00007ffd86d5a000 	C:\WINDOWS\System32\cfgmgr32.dll
0x0000000061ae0000 - 0x0000000061aef000 	C:\Program Files\Java\jdk1.8.0_181\jre\bin\verify.dll
0x0000000061ab0000 - 0x0000000061ad9000 	C:\Program Files\Java\jdk1.8.0_181\jre\bin\java.dll
0x0000000061a90000 - 0x0000000061aa6000 	C:\Program Files\Java\jdk1.8.0_181\jre\bin\zip.dll

VM Arguments:
jvm_args: -ea -Dfile.encoding=Cp1252 
java_command: org.testng.remote.RemoteTestNG -serport 58516 -protocol json -d C:\Users\Honey\Desktop\droomWorkspace\droom-automation\test-output C:\Users\Honey\AppData\Local\Temp\testng-eclipse-196551845\testng-customsuite.xml
java_class_path (initial): C:\Users\Honey\eclipse\java-2019-06\eclipse\configuration\org.eclipse.osgi\486\0\.cp\lib\testng-remote.jar;C:\Users\Honey\Desktop\droomWorkspace\droom-automation\target\test-classes;C:\Users\Honey\Desktop\droomWorkspace\droom-automation\target\classes;C:\Users\Honey\.p2\pool\plugins\org.testng_7.0.0.r201908191551.jar;C:\Users\Honey\.p2\pool\plugins\com.beust.jcommander_1.72.0.jar;C:\Users\Honey\.p2\pool\plugins\org.apache-extras.beanshell.bsh_2.0.0.b6.jar;C:\Users\Honey\.p2\pool\plugins\org.yaml.snakeyaml_1.21.0.jar;C:\Users\Honey\Desktop\droomWorkspace\droom-automation\jarfiles\mysql-connector-java-5.1.42-bin.jar;C:\Users\Honey\Desktop\droomWorkspace\droom-automation\jarfiles\activation-1.1.1.jar;C:\Users\Honey\Desktop\droomWorkspace\droom-automation\jarfiles\ATExcelReport.jar;C:\Users\Honey\Desktop\droomWorkspace\droom-automation\jarfiles\jcommon-1.0.0.jar;C:\Users\Honey\Desktop\droomWorkspace\droom-automation\jarfiles\jfreechart-1.0.0.jar;C:\Users\Honey\Desktop\droomWorkspace\droom-automation\jarfiles\junit-3.8.jar;C:\Users\Honey\.m2\repository\org\testng\testng\7.1.0\testng-7.1.0.jar;C:\Users\Honey\.m2\repository\com\beust\jcommander\1.72\jcommander-1.72.jar;C:\Users\Honey\.m2\repository\com\google\inject\guice\4.1.0\guice-4.1.0-no_aop.jar;C:\Users\Honey\.m2\repository\javax\inject\javax.inject\1\javax.inject-1.jar;C:\Users\Honey\.m2\repository\aopalliance\aopalliance\1.0\aopalliance-1.0.jar;C:\Users\Honey\.m2\repository\org\yaml\snakeyaml\1.21\snakeyaml-1.21.jar;C:\Users\Honey\.m2\repository\org\apache\poi\poi\4.1.2\poi-4.1.2.jar;C:\Users\Honey\.m2\repository\commons-codec\commons-codec\1.13\commons-codec-1.13.jar;C:\Users\Honey\.m2\repository\org\apache\commons\commons-collections4\4.4\commons-collections4-4.4.jar;C:\Users\Honey\.m2\repository\org\apache\commons\commons-math3\3.6.1\commons-math3-3.6.1.jar;C:\Users\Honey\.m2\repository\com\zaxxer\SparseBitSet\1.2\SparseBitSet-1.2.jar;C:\Users\Honey\.m2\repository\org\apache\poi\poi-
Launcher Type: SUN_STANDARD

Environment Variables:
JAVA_HOME=C:\Program Files\Java\jdk1.8.0_181
PATH=C:/Program Files/Java/jdk1.8.0_181/bin/../jre/bin/server;C:/Program Files/Java/jdk1.8.0_181/bin/../jre/bin;C:/Program Files/Java/jdk1.8.0_181/bin/../jre/lib/amd64;C:\Program Files\Java\jdk1.8.0_181\bin;C:\Program Files\Git\cmd;C:\New folder\apache-maven-3.6.3\bin;C:\Windows\System32\cmd.exe;C:\allure-2.13.2\bin;C:\Program Files\nodejs\;C:\Users\Honey\AppData\Local\Android\Sdk\platform-tools;;C:\WINDOWS\system32;C:\WINDOWS;C:\WINDOWS\System32\Wbem;C:\WINDOWS\System32\WindowsPowerShell\v1.0\;C:\WINDOWS\System32\OpenSSH\;C:\Program Files\PuTTY\;C:\Program Files\Java\jdk1.8.0_181\bin;C:\Users\Honey\AppData\Local\GitHubDesktop\bin;C:\Users\Honey\AppData\Roaming\npm;%USERPROFILE%\AppData\Local\Microsoft\WindowsApps;;C:\Users\Honey\Desktop;
USERNAME=Honey
OS=Windows_NT
PROCESSOR_IDENTIFIER=Intel64 Family 6 Model 142 Stepping 12, GenuineIntel



---------------  S Y S T E M  ---------------

OS: Windows 10.0 , 64 bit Build 18362 (10.0.18362.959)

CPU:total 8 (initial active 8) (4 cores per cpu, 2 threads per core) family 6 model 142 stepping 12, cmov, cx8, fxsr, mmx, sse, sse2, sse3, ssse3, sse4.1, sse4.2, popcnt, avx, avx2, aes, clmul, erms, 3dnowpref, lzcnt, ht, tsc, tscinvbit, bmi1, bmi2, adx

Memory: 4k page, physical 8272116k(49260k free), swap 33437940k(5972k free)

vm_info: Java HotSpot(TM) 64-Bit Server VM (25.181-b13) for windows-amd64 JRE (1.8.0_181-b13), built on Jul  7 2018 04:01:33 by "java_re" with MS VC++ 10.0 (VS2010)

time: Thu Sep 03 20:44:08 2020
elapsed time: 0 seconds (0d 0h 0m 0s)

