#
# There is insufficient memory for the Java Runtime Environment to continue.
# Native memory allocation (malloc) failed to allocate 32744 bytes for ChunkPool::allocate
# Possible reasons:
#   The system is out of physical RAM or swap space
#   In 32 bit mode, the process size limit was hit
# Possible solutions:
#   Reduce memory load on the system
#   Increase physical memory or swap space
#   Check if swap backing store is full
#   Use 64 bit Java on a 64 bit OS
#   Decrease Java heap size (-Xmx/-Xms)
#   Decrease number of Java threads
#   Decrease Java thread stack sizes (-Xss)
#   Set larger code cache with -XX:ReservedCodeCacheSize=
# This output file may be truncated or incomplete.
#
#  Out of Memory Error (allocation.cpp:273), pid=22852, tid=0x000000000000470c
#
# JRE version: Java(TM) SE Runtime Environment (8.0_181-b13) (build 1.8.0_181-b13)
# Java VM: Java HotSpot(TM) 64-Bit Server VM (25.181-b13 mixed mode windows-amd64 compressed oops)
# Failed to write core dump. Minidumps are not enabled by default on client versions of Windows
#

---------------  T H R E A D  ---------------

Current thread (0x0000000019fff000):  JavaThread "C2 CompilerThread0" daemon [_thread_in_native, id=18188, stack(0x000000001a7d0000,0x000000001a8d0000)]

Stack: [0x000000001a7d0000,0x000000001a8d0000]
[error occurred during error reporting (printing stack bounds), id 0xc0000005]

Native frames: (J=compiled Java code, j=interpreted, Vv=VM code, C=native code)


Current CompileTask:
C2: 203136 4877       4       com.sun.org.apache.xerces.internal.dom.DeferredAttrNSImpl::synchronizeData (139 bytes)


---------------  P R O C E S S  ---------------

Java Threads: ( => current thread )
  0x000000001b3c4800 JavaThread "ForkJoinPool.commonPool-worker-2" daemon [_thread_blocked, id=28856, stack(0x000000001d8e0000,0x000000001d9e0000)]
  0x000000001b3ba000 JavaThread "Exec Stream Pumper" daemon [_thread_in_native, id=2020, stack(0x000000001d6e0000,0x000000001d7e0000)]
  0x000000001c0a1800 JavaThread "Exec Stream Pumper" daemon [_thread_in_native, id=33844, stack(0x000000001d5e0000,0x000000001d6e0000)]
  0x000000001a2f0800 JavaThread "Exec Default Executor" daemon [_thread_in_native, id=35644, stack(0x000000001d4e0000,0x000000001d5e0000)]
  0x000000001c44b800 JavaThread "UrlChecker-3" daemon [_thread_blocked, id=7592, stack(0x00000000013a0000,0x00000000014a0000)]
  0x000000001b38b000 JavaThread "AWT-Windows" daemon [_thread_in_native, id=25852, stack(0x0000000020ac0000,0x0000000020bc0000)]
  0x000000001a2ac000 JavaThread "Java2D Disposer" daemon [_thread_blocked, id=41560, stack(0x00000000208c0000,0x00000000209c0000)]
  0x000000001a1cb000 JavaThread "Okio Watchdog" daemon [_thread_blocked, id=15436, stack(0x000000001dee0000,0x000000001dfe0000)]
  0x000000001bfe0000 JavaThread "OkHttp ConnectionPool" daemon [_thread_blocked, id=6528, stack(0x000000001dde0000,0x000000001dee0000)]
  0x000000001b250800 JavaThread "ReaderThread" [_thread_in_native, id=34308, stack(0x000000001ba10000,0x000000001bb10000)]
  0x000000001a093000 JavaThread "Service Thread" daemon [_thread_blocked, id=27052, stack(0x000000001abd0000,0x000000001acd0000)]
  0x000000001a00c800 JavaThread "C1 CompilerThread3" daemon [_thread_blocked, id=16436, stack(0x000000001aad0000,0x000000001abd0000)]
  0x000000001a008800 JavaThread "C2 CompilerThread2" daemon [_thread_blocked, id=26664, stack(0x000000001a9d0000,0x000000001aad0000)]
  0x000000001a005800 JavaThread "C2 CompilerThread1" daemon [_thread_in_native, id=8652, stack(0x000000001a8d0000,0x000000001a9d0000)]
=>0x0000000019fff000 JavaThread "C2 CompilerThread0" daemon [_thread_in_native, id=18188, stack(0x000000001a7d0000,0x000000001a8d0000)]
  0x0000000019ffc800 JavaThread "Attach Listener" daemon [_thread_blocked, id=9060, stack(0x000000001a6d0000,0x000000001a7d0000)]
  0x0000000019ffb800 JavaThread "Signal Dispatcher" daemon [_thread_blocked, id=32540, stack(0x000000001a5d0000,0x000000001a6d0000)]
  0x000000000315e000 JavaThread "Finalizer" daemon [_thread_blocked, id=23976, stack(0x000000001a3d0000,0x000000001a4d0000)]
  0x000000000315b000 JavaThread "Reference Handler" daemon [_thread_blocked, id=35648, stack(0x0000000019ed0000,0x0000000019fd0000)]
  0x0000000003065800 JavaThread "main" [_thread_in_Java, id=19996, stack(0x0000000002f60000,0x0000000003060000)]

Other Threads:
  0x00000000180d9800 VMThread [stack: 0x0000000019dd0000,0x0000000019ed0000] [id=30276]
  0x000000001a0ba000 WatcherThread [stack: 0x000000001acd0000,0x000000001add0000] [id=25504]

VM state:not at safepoint (normal execution)

VM Mutex/Monitor currently owned by a thread: None

Heap:
 PSYoungGen      total 89600K, used 73104K [0x00000000d5f00000, 0x00000000dc180000, 0x0000000100000000)
  eden space 80384K, 85% used [0x00000000d5f00000,0x00000000da253fb8,0x00000000dad80000)
  from space 9216K, 45% used [0x00000000db680000,0x00000000dba901d0,0x00000000dbf80000)
  to   space 9216K, 0% used [0x00000000dad80000,0x00000000dad80000,0x00000000db680000)
 ParOldGen       total 56320K, used 6375K [0x0000000081c00000, 0x0000000085300000, 0x00000000d5f00000)
  object space 56320K, 11% used [0x0000000081c00000,0x0000000082239cb0,0x0000000085300000)
 Metaspace       used 33496K, capacity 34808K, committed 34944K, reserved 1079296K
  class space    used 3994K, capacity 4360K, committed 4480K, reserved 1048576K

Card table byte_map: [0x0000000012520000,0x0000000012920000] byte_map_base: 0x0000000012112000

Marking Bits: (ParMarkBitMap*) 0x0000000053fc2d00
 Begin Bits: [0x00000000133d0000, 0x0000000015360000)
 End Bits:   [0x0000000015360000, 0x00000000172f0000)

Polling page: 0x00000000014e0000

CodeCache: size=245760Kb used=13686Kb max_used=13698Kb free=232073Kb
 bounds [0x0000000003160000, 0x0000000003ee0000, 0x0000000012160000]
 total_blobs=4651 nmethods=4133 adapters=430
 compilation: enabled

Compilation events (10 events):
Event: 203.104 Thread 0x000000001a00c800 4880       3       org.apache.poi.ooxml.POIXMLDocumentPart::<init> (37 bytes)
Event: 203.104 Thread 0x000000001a00c800 nmethod 4880 0x0000000003686350 code [0x00000000036864e0, 0x00000000036868d0]
Event: 203.104 Thread 0x000000001a00c800 4883       3       java.net.URI::decode (370 bytes)
Event: 203.111 Thread 0x000000001a00c800 nmethod 4883 0x0000000003ac53d0 code [0x0000000003ac58e0, 0x0000000003ac9678]
Event: 203.111 Thread 0x000000001a00c800 4881       3       org.apache.poi.ooxml.POIXMLDocumentPart::read (371 bytes)
Event: 203.119 Thread 0x000000001a00c800 nmethod 4881 0x0000000003abd6d0 code [0x0000000003abdd00, 0x0000000003ac26d8]
Event: 203.119 Thread 0x000000001a00c800 4882       3       org.apache.poi.openxml4j.opc.PackagePart::hasRelationships (30 bytes)
Event: 203.120 Thread 0x000000001a008800 nmethod 4878 0x0000000003287910 code [0x0000000003287a40, 0x0000000003287ad8]
Event: 203.120 Thread 0x000000001a008800 4879       4       com.sun.org.apache.xerces.internal.dom.AttrImpl::getValue (176 bytes)
Event: 203.120 Thread 0x000000001a00c800 nmethod 4882 0x0000000003abcc50 code [0x0000000003abce00, 0x0000000003abd408]

GC Heap History (10 events):
Event: 5.468 GC heap before
{Heap before GC invocations=5 (full 1):
 PSYoungGen      total 38400K, used 5104K [0x00000000d5f00000, 0x00000000daa00000, 0x0000000100000000)
  eden space 33280K, 0% used [0x00000000d5f00000,0x00000000d5f00000,0x00000000d7f80000)
  from space 5120K, 99% used [0x00000000d8480000,0x00000000d897c050,0x00000000d8980000)
  to   space 5120K, 0% used [0x00000000d7f80000,0x00000000d7f80000,0x00000000d8480000)
 ParOldGen       total 87552K, used 6120K [0x0000000081c00000, 0x0000000087180000, 0x00000000d5f00000)
  object space 87552K, 6% used [0x0000000081c00000,0x00000000821fa0e8,0x0000000087180000)
 Metaspace       used 20499K, capacity 21250K, committed 21296K, reserved 1069056K
  class space    used 2470K, capacity 2675K, committed 2688K, reserved 1048576K
Event: 5.519 GC heap after
Heap after GC invocations=5 (full 1):
 PSYoungGen      total 38400K, used 0K [0x00000000d5f00000, 0x00000000daa00000, 0x0000000100000000)
  eden space 33280K, 0% used [0x00000000d5f00000,0x00000000d5f00000,0x00000000d7f80000)
  from space 5120K, 0% used [0x00000000d8480000,0x00000000d8480000,0x00000000d8980000)
  to   space 5120K, 0% used [0x00000000d7f80000,0x00000000d7f80000,0x00000000d8480000)
 ParOldGen       total 56320K, used 6343K [0x0000000081c00000, 0x0000000085300000, 0x00000000d5f00000)
  object space 56320K, 11% used [0x0000000081c00000,0x0000000082231cb0,0x0000000085300000)
 Metaspace       used 20499K, capacity 21250K, committed 21296K, reserved 1069056K
  class space    used 2470K, capacity 2675K, committed 2688K, reserved 1048576K
}
Event: 21.471 GC heap before
{Heap before GC invocations=6 (full 1):
 PSYoungGen      total 38400K, used 33280K [0x00000000d5f00000, 0x00000000daa00000, 0x0000000100000000)
  eden space 33280K, 100% used [0x00000000d5f00000,0x00000000d7f80000,0x00000000d7f80000)
  from space 5120K, 0% used [0x00000000d8480000,0x00000000d8480000,0x00000000d8980000)
  to   space 5120K, 0% used [0x00000000d7f80000,0x00000000d7f80000,0x00000000d8480000)
 ParOldGen       total 56320K, used 6343K [0x0000000081c00000, 0x0000000085300000, 0x00000000d5f00000)
  object space 56320K, 11% used [0x0000000081c00000,0x0000000082231cb0,0x0000000085300000)
 Metaspace       used 25263K, capacity 26298K, committed 26496K, reserved 1073152K
  class space    used 3099K, capacity 3375K, committed 3456K, reserved 1048576K
Event: 21.477 GC heap after
Heap after GC invocations=6 (full 1):
 PSYoungGen      total 38400K, used 4182K [0x00000000d5f00000, 0x00000000da380000, 0x0000000100000000)
  eden space 33280K, 0% used [0x00000000d5f00000,0x00000000d5f00000,0x00000000d7f80000)
  from space 5120K, 81% used [0x00000000d7f80000,0x00000000d8395888,0x00000000d8480000)
  to   space 9216K, 0% used [0x00000000d9a80000,0x00000000d9a80000,0x00000000da380000)
 ParOldGen       total 56320K, used 6351K [0x0000000081c00000, 0x0000000085300000, 0x00000000d5f00000)
  object space 56320K, 11% used [0x0000000081c00000,0x0000000082233cb0,0x0000000085300000)
 Metaspace       used 25263K, capacity 26298K, committed 26496K, reserved 1073152K
  class space    used 3099K, capacity 3375K, committed 3456K, reserved 1048576K
}
Event: 22.954 GC heap before
{Heap before GC invocations=7 (full 1):
 PSYoungGen      total 38400K, used 37462K [0x00000000d5f00000, 0x00000000da380000, 0x0000000100000000)
  eden space 33280K, 100% used [0x00000000d5f00000,0x00000000d7f80000,0x00000000d7f80000)
  from space 5120K, 81% used [0x00000000d7f80000,0x00000000d8395888,0x00000000d8480000)
  to   space 9216K, 0% used [0x00000000d9a80000,0x00000000d9a80000,0x00000000da380000)
 ParOldGen       total 56320K, used 6351K [0x0000000081c00000, 0x0000000085300000, 0x00000000d5f00000)
  object space 56320K, 11% used [0x0000000081c00000,0x0000000082233cb0,0x0000000085300000)
 Metaspace       used 29834K, capacity 30980K, committed 31232K, reserved 1077248K
  class space    used 3700K, capacity 3998K, committed 4096K, reserved 1048576K
Event: 22.965 GC heap after
Heap after GC invocations=7 (full 1):
 PSYoungGen      total 59904K, used 6759K [0x00000000d5f00000, 0x00000000da300000, 0x0000000100000000)
  eden space 51200K, 0% used [0x00000000d5f00000,0x00000000d5f00000,0x00000000d9100000)
  from space 8704K, 77% used [0x00000000d9a80000,0x00000000da119c48,0x00000000da300000)
  to   space 9216K, 0% used [0x00000000d9100000,0x00000000d9100000,0x00000000d9a00000)
 ParOldGen       total 56320K, used 6359K [0x0000000081c00000, 0x0000000085300000, 0x00000000d5f00000)
  object space 56320K, 11% used [0x0000000081c00000,0x0000000082235cb0,0x0000000085300000)
 Metaspace       used 29834K, capacity 30980K, committed 31232K, reserved 1077248K
  class space    used 3700K, capacity 3998K, committed 4096K, reserved 1048576K
}
Event: 24.122 GC heap before
{Heap before GC invocations=8 (full 1):
 PSYoungGen      total 59904K, used 57959K [0x00000000d5f00000, 0x00000000da300000, 0x0000000100000000)
  eden space 51200K, 100% used [0x00000000d5f00000,0x00000000d9100000,0x00000000d9100000)
  from space 8704K, 77% used [0x00000000d9a80000,0x00000000da119c48,0x00000000da300000)
  to   space 9216K, 0% used [0x00000000d9100000,0x00000000d9100000,0x00000000d9a00000)
 ParOldGen       total 56320K, used 6359K [0x0000000081c00000, 0x0000000085300000, 0x00000000d5f00000)
  object space 56320K, 11% used [0x0000000081c00000,0x0000000082235cb0,0x0000000085300000)
 Metaspace       used 30761K, capacity 31960K, committed 32000K, reserved 1077248K
  class space    used 3759K, capacity 4078K, committed 4096K, reserved 1048576K
Event: 24.143 GC heap after
Heap after GC invocations=8 (full 1):
 PSYoungGen      total 60416K, used 4346K [0x00000000d5f00000, 0x00000000dbf80000, 0x0000000100000000)
  eden space 51200K, 0% used [0x00000000d5f00000,0x00000000d5f00000,0x00000000d9100000)
  from space 9216K, 47% used [0x00000000d9100000,0x00000000d953ea08,0x00000000d9a00000)
  to   space 9216K, 0% used [0x00000000db680000,0x00000000db680000,0x00000000dbf80000)
 ParOldGen       total 56320K, used 6367K [0x0000000081c00000, 0x0000000085300000, 0x00000000d5f00000)
  object space 56320K, 11% used [0x0000000081c00000,0x0000000082237cb0,0x0000000085300000)
 Metaspace       used 30761K, capacity 31960K, committed 32000K, reserved 1077248K
  class space    used 3759K, capacity 4078K, committed 4096K, reserved 1048576K
}
Event: 24.810 GC heap before
{Heap before GC invocations=9 (full 1):
 PSYoungGen      total 60416K, used 55546K [0x00000000d5f00000, 0x00000000dbf80000, 0x0000000100000000)
  eden space 51200K, 100% used [0x00000000d5f00000,0x00000000d9100000,0x00000000d9100000)
  from space 9216K, 47% used [0x00000000d9100000,0x00000000d953ea08,0x00000000d9a00000)
  to   space 9216K, 0% used [0x00000000db680000,0x00000000db680000,0x00000000dbf80000)
 ParOldGen       total 56320K, used 6367K [0x0000000081c00000, 0x0000000085300000, 0x00000000d5f00000)
  object space 56320K, 11% used [0x0000000081c00000,0x0000000082237cb0,0x0000000085300000)
 Metaspace       used 30931K, capacity 32094K, committed 32256K, reserved 1077248K
  class space    used 3762K, capacity 4079K, committed 4096K, reserved 1048576K
Event: 24.825 GC heap after
Heap after GC invocations=9 (full 1):
 PSYoungGen      total 89600K, used 4160K [0x00000000d5f00000, 0x00000000dc180000, 0x0000000100000000)
  eden space 80384K, 0% used [0x00000000d5f00000,0x00000000d5f00000,0x00000000dad80000)
  from space 9216K, 45% used [0x00000000db680000,0x00000000dba901d0,0x00000000dbf80000)
  to   space 9216K, 0% used [0x00000000dad80000,0x00000000dad80000,0x00000000db680000)
 ParOldGen       total 56320K, used 6375K [0x0000000081c00000, 0x0000000085300000, 0x00000000d5f00000)
  object space 56320K, 11% used [0x0000000081c00000,0x0000000082239cb0,0x0000000085300000)
 Metaspace       used 30931K, capacity 32094K, committed 32256K, reserved 1077248K
  class space    used 3762K, capacity 4079K, committed 4096K, reserved 1048576K
}

Deoptimization events (10 events):
Event: 24.561 Thread 0x0000000003065800 Uncommon trap: reason=class_check action=maybe_recompile pc=0x0000000003c49660 method=org.apache.xmlbeans.impl.store.CharUtil.getString(Ljava/lang/Object;II)Ljava/lang/String; @ 55
Event: 25.097 Thread 0x0000000003065800 Uncommon trap: reason=unstable_if action=reinterpret pc=0x0000000003bedfdc method=java.util.ArrayList.clear()V @ 17
Event: 83.809 Thread 0x0000000003065800 Uncommon trap: reason=unstable_if action=reinterpret pc=0x0000000003a1d7f0 method=java.util.HashMap$HashIterator.<init>(Ljava/util/HashMap;)V @ 45
Event: 83.824 Thread 0x0000000003065800 Uncommon trap: reason=unstable_if action=reinterpret pc=0x0000000003a1dfb0 method=java.util.HashMap$HashIterator.<init>(Ljava/util/HashMap;)V @ 45
Event: 83.829 Thread 0x0000000003065800 Uncommon trap: reason=unstable_if action=reinterpret pc=0x00000000039a7394 method=java.util.HashMap$HashIterator.<init>(Ljava/util/HashMap;)V @ 45
Event: 86.480 Thread 0x0000000003065800 Uncommon trap: reason=unstable_if action=reinterpret pc=0x0000000003400e80 method=java.util.HashMap.hash(Ljava/lang/Object;)I @ 1
Event: 86.505 Thread 0x0000000003065800 Uncommon trap: reason=unstable_if action=reinterpret pc=0x00000000036553b0 method=java.lang.Character.isSurrogate(C)Z @ 3
Event: 124.668 Thread 0x0000000003065800 Uncommon trap: reason=unstable_if action=reinterpret pc=0x000000000382e26c method=java.util.HashMap$EntrySpliterator.forEachRemaining(Ljava/util/function/Consumer;)V @ 49
Event: 124.673 Thread 0x0000000003065800 Uncommon trap: reason=unstable_if action=reinterpret pc=0x00000000039c49e8 method=okio.Buffer.completeSegmentByteCount()J @ 8
Event: 186.547 Thread 0x0000000003065800 Uncommon trap: reason=range_check action=make_not_entrant pc=0x00000000038df320 method=java.lang.String.charAt(I)C @ 27

Classes redefined (0 events):
No events

Internal exceptions (10 events):
Event: 124.672 Thread 0x0000000003065800 Exception <a 'java/net/SocketTimeoutException': Read timed out> (0x00000000d94c59a0) thrown at [C:\re\workspace\8-2-build-windows-amd64-cygwin\jdk8u181\11358\hotspot\src\share\vm\prims\jni.cpp, line 735]
Event: 185.756 Thread 0x000000001c44b800 Exception <a 'java/net/SocketTimeoutException': Read timed out> (0x00000000d96a0980) thrown at [C:\re\workspace\8-2-build-windows-amd64-cygwin\jdk8u181\11358\hotspot\src\share\vm\prims\jni.cpp, line 735]
Event: 185.813 Thread 0x0000000003065800 Exception <a 'sun/nio/fs/WindowsException'> (0x00000000d94d4fc8) thrown at [C:\re\workspace\8-2-build-windows-amd64-cygwin\jdk8u181\11358\hotspot\src\share\vm\prims\jni.cpp, line 709]
Event: 187.050 Thread 0x000000001c44b800 Exception <a 'java/net/SocketTimeoutException': connect timed out> (0x00000000d96a22c8) thrown at [C:\re\workspace\8-2-build-windows-amd64-cygwin\jdk8u181\11358\hotspot\src\share\vm\prims\jni.cpp, line 735]
Event: 191.300 Thread 0x0000000003065800 Exception <a 'java/net/SocketTimeoutException': Read timed out> (0x00000000d9d39a40) thrown at [C:\re\workspace\8-2-build-windows-amd64-cygwin\jdk8u181\11358\hotspot\src\share\vm\prims\jni.cpp, line 735]
Event: 193.426 Thread 0x0000000003065800 Exception <a 'java/net/SocketTimeoutException': Read timed out> (0x00000000d9d53248) thrown at [C:\re\workspace\8-2-build-windows-amd64-cygwin\jdk8u181\11358\hotspot\src\share\vm\prims\jni.cpp, line 735]
Event: 193.431 Thread 0x0000000003065800 Exception <a 'java/net/SocketTimeoutException': Read timed out> (0x00000000d9d6af18) thrown at [C:\re\workspace\8-2-build-windows-amd64-cygwin\jdk8u181\11358\hotspot\src\share\vm\prims\jni.cpp, line 735]
Event: 201.946 Thread 0x0000000003065800 Exception <a 'java/net/SocketTimeoutException': Read timed out> (0x00000000d9d809b8) thrown at [C:\re\workspace\8-2-build-windows-amd64-cygwin\jdk8u181\11358\hotspot\src\share\vm\prims\jni.cpp, line 735]
Event: 202.864 Thread 0x0000000003065800 Exception <a 'java/net/SocketTimeoutException': Read timed out> (0x00000000d9d921f0) thrown at [C:\re\workspace\8-2-build-windows-amd64-cygwin\jdk8u181\11358\hotspot\src\share\vm\prims\jni.cpp, line 735]
Event: 203.055 Thread 0x0000000003065800 Exception <a 'sun/nio/fs/WindowsException'> (0x00000000d9d9a6c0) thrown at [C:\re\workspace\8-2-build-windows-amd64-cygwin\jdk8u181\11358\hotspot\src\share\vm\prims\jni.cpp, line 709]

Events (10 events):
Event: 192.064 Executing VM operation: RevokeBias
Event: 192.065 Executing VM operation: RevokeBias done
Event: 192.065 Executing VM operation: RevokeBias
Event: 192.066 Executing VM operation: RevokeBias done
Event: 192.066 Thread 0x000000001c611000 Thread exited: 0x000000001c611000
Event: 199.086 Executing VM operation: RevokeBias
Event: 199.088 Executing VM operation: RevokeBias done
Event: 199.088 Thread 0x000000001c115800 Thread exited: 0x000000001c115800
Event: 203.115 loading class org/apache/xerces/util/SecurityManager
Event: 203.115 loading class org/apache/xerces/util/SecurityManager done


Dynamic libraries:
0x00007ff6459b0000 - 0x00007ff6459e7000 	C:\Program Files\Java\jdk1.8.0_181\bin\javaw.exe
0x00007ffc60e20000 - 0x00007ffc61010000 	C:\WINDOWS\SYSTEM32\ntdll.dll
0x00007ffc5f050000 - 0x00007ffc5f102000 	C:\WINDOWS\System32\KERNEL32.DLL
0x00007ffc5e2a0000 - 0x00007ffc5e545000 	C:\WINDOWS\System32\KERNELBASE.dll
0x00007ffc5f1f0000 - 0x00007ffc5f293000 	C:\WINDOWS\System32\ADVAPI32.dll
0x00007ffc60490000 - 0x00007ffc6052e000 	C:\WINDOWS\System32\msvcrt.dll
0x00007ffc60a70000 - 0x00007ffc60b07000 	C:\WINDOWS\System32\sechost.dll
0x00007ffc60950000 - 0x00007ffc60a70000 	C:\WINDOWS\System32\RPCRT4.dll
0x00007ffc5f490000 - 0x00007ffc5f625000 	C:\WINDOWS\System32\USER32.dll
0x00007ffc5ed50000 - 0x00007ffc5ed71000 	C:\WINDOWS\System32\win32u.dll
0x00007ffc60460000 - 0x00007ffc60486000 	C:\WINDOWS\System32\GDI32.dll
0x00007ffc5e050000 - 0x00007ffc5e1e6000 	C:\WINDOWS\System32\gdi32full.dll
0x00007ffc5dfb0000 - 0x00007ffc5e04e000 	C:\WINDOWS\System32\msvcp_win.dll
0x00007ffc5de90000 - 0x00007ffc5df8a000 	C:\WINDOWS\System32\ucrtbase.dll
0x00007ffc49b80000 - 0x00007ffc49e04000 	C:\WINDOWS\WinSxS\amd64_microsoft.windows.common-controls_6595b64144ccf1df_6.0.18362.1082_none_9e8193e1e45b25c1\COMCTL32.dll
0x00007ffc60530000 - 0x00007ffc60865000 	C:\WINDOWS\System32\combase.dll
0x00007ffc5ddb0000 - 0x00007ffc5de30000 	C:\WINDOWS\System32\bcryptPrimitives.dll
0x00007ffc5f320000 - 0x00007ffc5f34e000 	C:\WINDOWS\System32\IMM32.DLL
0x0000000054530000 - 0x0000000054602000 	C:\Program Files\Java\jdk1.8.0_181\jre\bin\msvcr100.dll
0x00000000537a0000 - 0x0000000054042000 	C:\Program Files\Java\jdk1.8.0_181\jre\bin\server\jvm.dll
0x00007ffc5f350000 - 0x00007ffc5f358000 	C:\WINDOWS\System32\PSAPI.DLL
0x00007ffc58050000 - 0x00007ffc5805a000 	C:\WINDOWS\SYSTEM32\VERSION.dll
0x00007ffc52440000 - 0x00007ffc52464000 	C:\WINDOWS\SYSTEM32\WINMM.dll
0x00007ffc48d30000 - 0x00007ffc48d39000 	C:\WINDOWS\SYSTEM32\WSOCK32.dll
0x00007ffc5f120000 - 0x00007ffc5f18f000 	C:\WINDOWS\System32\WS2_32.dll
0x00007ffc52410000 - 0x00007ffc5243d000 	C:\WINDOWS\SYSTEM32\WINMMBASE.dll
0x00007ffc5ecd0000 - 0x00007ffc5ed1a000 	C:\WINDOWS\System32\cfgmgr32.dll
0x00000000555d0000 - 0x00000000555df000 	C:\Program Files\Java\jdk1.8.0_181\jre\bin\verify.dll
0x00000000555a0000 - 0x00000000555c9000 	C:\Program Files\Java\jdk1.8.0_181\jre\bin\java.dll
0x0000000055580000 - 0x0000000055596000 	C:\Program Files\Java\jdk1.8.0_181\jre\bin\zip.dll
0x00007ffc5f900000 - 0x00007ffc5ffe7000 	C:\WINDOWS\System32\SHELL32.dll
0x00007ffc60d30000 - 0x00007ffc60dd9000 	C:\WINDOWS\System32\shcore.dll
0x00007ffc5e550000 - 0x00007ffc5ecd0000 	C:\WINDOWS\System32\windows.storage.dll
0x00007ffc5dd60000 - 0x00007ffc5dd83000 	C:\WINDOWS\System32\profapi.dll
0x00007ffc5dcf0000 - 0x00007ffc5dd3a000 	C:\WINDOWS\System32\powrprof.dll
0x00007ffc5dce0000 - 0x00007ffc5dcf0000 	C:\WINDOWS\System32\UMPDC.dll
0x00007ffc5f430000 - 0x00007ffc5f482000 	C:\WINDOWS\System32\shlwapi.dll
0x00007ffc5dd90000 - 0x00007ffc5dda1000 	C:\WINDOWS\System32\kernel.appcore.dll
0x00007ffc5df90000 - 0x00007ffc5dfa7000 	C:\WINDOWS\System32\cryptsp.dll
0x00000000542a0000 - 0x00000000542ba000 	C:\Program Files\Java\jdk1.8.0_181\jre\bin\net.dll
0x00007ffc5d4d0000 - 0x00007ffc5d537000 	C:\WINDOWS\system32\mswsock.dll
0x00007ffc5d220000 - 0x00007ffc5d2eb000 	C:\WINDOWS\SYSTEM32\DNSAPI.dll
0x00007ffc5f110000 - 0x00007ffc5f118000 	C:\WINDOWS\System32\NSI.dll
0x00007ffc5d1e0000 - 0x00007ffc5d21a000 	C:\WINDOWS\SYSTEM32\IPHLPAPI.DLL
0x00007ffc57880000 - 0x00007ffc5788a000 	C:\Windows\System32\rasadhlp.dll
0x00007ffc54a20000 - 0x00007ffc54a97000 	C:\WINDOWS\System32\fwpuclnt.dll
0x00007ffc5ed20000 - 0x00007ffc5ed46000 	C:\WINDOWS\System32\bcrypt.dll
0x00007ffc5d040000 - 0x00007ffc5d073000 	C:\WINDOWS\system32\rsaenh.dll
0x00007ffc5dc00000 - 0x00007ffc5dc25000 	C:\WINDOWS\SYSTEM32\USERENV.dll
0x00007ffc5d6a0000 - 0x00007ffc5d6ac000 	C:\WINDOWS\SYSTEM32\CRYPTBASE.dll
0x00007ffc55680000 - 0x00007ffc55696000 	C:\WINDOWS\SYSTEM32\dhcpcsvc6.DLL
0x00007ffc55870000 - 0x00007ffc5588c000 	C:\WINDOWS\SYSTEM32\dhcpcsvc.DLL
0x0000000054280000 - 0x0000000054291000 	C:\Program Files\Java\jdk1.8.0_181\jre\bin\nio.dll
0x0000000054250000 - 0x0000000054274000 	C:\Program Files\Java\jdk1.8.0_181\jre\bin\sunec.dll
0x0000000055570000 - 0x000000005557b000 	C:\Program Files\Java\jdk1.8.0_181\jre\bin\sunmscapi.dll
0x00007ffc5ed80000 - 0x00007ffc5eec9000 	C:\WINDOWS\System32\CRYPT32.dll
0x00007ffc5dd40000 - 0x00007ffc5dd52000 	C:\WINDOWS\System32\MSASN1.dll
0x00007ffc47a10000 - 0x00007ffc47a26000 	C:\WINDOWS\system32\napinsp.dll
0x00007ffc475b0000 - 0x00007ffc475ca000 	C:\WINDOWS\system32\pnrpnsp.dll
0x00007ffc47b10000 - 0x00007ffc47b1e000 	C:\WINDOWS\System32\winrnr.dll
0x00007ffc57840000 - 0x00007ffc5785c000 	C:\WINDOWS\system32\NLAapi.dll
0x00007ffc59770000 - 0x00007ffc59785000 	C:\WINDOWS\system32\wshbth.dll
0x0000000054520000 - 0x000000005452d000 	C:\Program Files\Java\jdk1.8.0_181\jre\bin\management.dll
0x00000000531b0000 - 0x0000000053349000 	C:\Program Files\Java\jdk1.8.0_181\jre\bin\awt.dll
0x00007ffc5f360000 - 0x00007ffc5f425000 	C:\WINDOWS\System32\OLEAUT32.dll
0x00007ffc5bb90000 - 0x00007ffc5bc1f000 	C:\WINDOWS\SYSTEM32\apphelp.dll
0x00007ffc5c1a0000 - 0x00007ffc5c1cd000 	C:\WINDOWS\system32\DWMAPI.DLL
0x00007ffc5bc90000 - 0x00007ffc5bd29000 	C:\WINDOWS\system32\uxtheme.dll
0x00007ffc48460000 - 0x00007ffc485b6000 	C:\WINDOWS\system32\opengl32.dll
0x00007ffc55f80000 - 0x00007ffc55fac000 	C:\WINDOWS\SYSTEM32\GLU32.dll
0x00007ffc5c930000 - 0x00007ffc5c950000 	C:\WINDOWS\SYSTEM32\dxcore.dll
0x00007ffc5f650000 - 0x00007ffc5f785000 	C:\WINDOWS\System32\MSCTF.dll
0x00007ffc5f790000 - 0x00007ffc5f8e7000 	C:\WINDOWS\System32\ole32.dll

VM Arguments:
jvm_args: -ea -Dfile.encoding=Cp1252 
java_command: org.testng.remote.RemoteTestNG -serport 54598 -protocol json -d C:\Users\Honey\Desktop\droomWorkspace\droom-automation\test-output C:\Users\Honey\Desktop\droomWorkspace\droom-automation\test-output\testng-failed.xml
java_class_path (initial): C:\Users\Honey\eclipse\java-2019-06\eclipse\configuration\org.eclipse.osgi\486\0\.cp\lib\testng-remote.jar;C:\Users\Honey\Desktop\droomWorkspace\droom-automation\target\test-classes;C:\Users\Honey\Desktop\droomWorkspace\droom-automation\target\classes;C:\Users\Honey\.p2\pool\plugins\org.testng_7.0.0.r201908191551.jar;C:\Users\Honey\.p2\pool\plugins\com.beust.jcommander_1.72.0.jar;C:\Users\Honey\.p2\pool\plugins\org.apache-extras.beanshell.bsh_2.0.0.b6.jar;C:\Users\Honey\.p2\pool\plugins\org.yaml.snakeyaml_1.21.0.jar;C:\Users\Honey\Desktop\droomWorkspace\droom-automation\jarfiles\mysql-connector-java-5.1.42-bin.jar;C:\Users\Honey\Desktop\droomWorkspace\droom-automation\jarfiles\activation-1.1.1.jar;C:\Users\Honey\Desktop\droomWorkspace\droom-automation\jarfiles\ATExcelReport.jar;C:\Users\Honey\Desktop\droomWorkspace\droom-automation\jarfiles\jcommon-1.0.0.jar;C:\Users\Honey\Desktop\droomWorkspace\droom-automation\jarfiles\jfreechart-1.0.0.jar;C:\Users\Honey\Desktop\droomWorkspace\droom-automation\jarfiles\junit-3.8.jar;C:\Users\Honey\.m2\repository\org\testng\testng\7.1.0\testng-7.1.0.jar;C:\Users\Honey\.m2\repository\com\beust\jcommander\1.72\jcommander-1.72.jar;C:\Users\Honey\.m2\repository\com\google\inject\guice\4.1.0\guice-4.1.0-no_aop.jar;C:\Users\Honey\.m2\repository\javax\inject\javax.inject\1\javax.inject-1.jar;C:\Users\Honey\.m2\repository\aopalliance\aopalliance\1.0\aopalliance-1.0.jar;C:\Users\Honey\.m2\repository\org\yaml\snakeyaml\1.21\snakeyaml-1.21.jar;C:\Users\Honey\.m2\repository\org\apache\poi\poi\4.1.2\poi-4.1.2.jar;C:\Users\Honey\.m2\repository\commons-codec\commons-codec\1.13\commons-codec-1.13.jar;C:\Users\Honey\.m2\repository\org\apache\commons\commons-collections4\4.4\commons-collections4-4.4.jar;C:\Users\Honey\.m2\repository\org\apache\commons\commons-math3\3.6.1\commons-math3-3.6.1.jar;C:\Users\Honey\.m2\repository\com\zaxxer\SparseBitSet\1.2\SparseBitSet-1.2.jar;C:\Users\Honey\.m2\repository\org\apache\poi\poi-
Launcher Type: SUN_STANDARD

Environment Variables:
JAVA_HOME=C:\Program Files\Java\jdk1.8.0_181
PATH=C:/Program Files/Java/jdk1.8.0_181/bin/../jre/bin/server;C:/Program Files/Java/jdk1.8.0_181/bin/../jre/bin;C:/Program Files/Java/jdk1.8.0_181/bin/../jre/lib/amd64;C:\Program Files\Java\jdk1.8.0_181\bin;C:\Program Files\Git\cmd;C:\New folder\apache-maven-3.6.3\bin;C:\Windows\System32\cmd.exe;C:\allure-2.13.2\bin;C:\Program Files\nodejs\;C:\Users\Honey\AppData\Local\Android\Sdk\platform-tools;;C:\WINDOWS\system32;C:\WINDOWS;C:\WINDOWS\System32\Wbem;C:\WINDOWS\System32\WindowsPowerShell\v1.0\;C:\WINDOWS\System32\OpenSSH\;C:\Program Files\PuTTY\;C:\Program Files\Java\jdk1.8.0_181\bin;C:\Users\Honey\AppData\Local\GitHubDesktop\bin;C:\Users\Honey\AppData\Roaming\npm;%USERPROFILE%\AppData\Local\Microsoft\WindowsApps;;C:\Users\Honey\Desktop;
USERNAME=Honey
OS=Windows_NT
PROCESSOR_IDENTIFIER=Intel64 Family 6 Model 142 Stepping 12, GenuineIntel



---------------  S Y S T E M  ---------------

OS: Windows 10.0 , 64 bit Build 18362 (10.0.18362.1082)

CPU:total 8 (initial active 8) (4 cores per cpu, 2 threads per core) family 6 model 142 stepping 12, cmov, cx8, fxsr, mmx, sse, sse2, sse3, ssse3, sse4.1, sse4.2, popcnt, avx, avx2, aes, clmul, erms, 3dnowpref, lzcnt, ht, tsc, tscinvbit, bmi1, bmi2, adx

Memory: 4k page, physical 8272116k(15444k free), swap 33437940k(1872k free)

vm_info: Java HotSpot(TM) 64-Bit Server VM (25.181-b13) for windows-amd64 JRE (1.8.0_181-b13), built on Jul  7 2018 04:01:33 by "java_re" with MS VC++ 10.0 (VS2010)

time: Thu Sep 17 11:22:21 2020
elapsed time: 203 seconds (0d 0h 3m 23s)

